{"/Users/evertonribeiro/Documents/workspace/login/src/components/Title/Title.tsx": {"path":"/Users/evertonribeiro/Documents/workspace/login/src/components/Title/Title.tsx","statementMap":{"0":{"start":{"line":9,"column":21},"end":{"line":11,"column":1}},"1":{"start":{"line":10,"column":2},"end":{"line":10,"column":39}}},"fnMap":{"0":{"name":"(anonymous_0)","decl":{"start":{"line":9,"column":21},"end":{"line":9,"column":22}},"loc":{"start":{"line":10,"column":2},"end":{"line":10,"column":39}},"line":10}},"branchMap":{},"s":{"0":1,"1":1},"f":{"0":1},"b":{},"_coverageSchema":"1a1c01bbd47fc00a2c39e90264f33305004495a9","hash":"7cc40c462810f75354968b33c34bded709629559"}
,"/Users/evertonribeiro/Documents/workspace/login/src/components/Title/index.tsx": {"path":"/Users/evertonribeiro/Documents/workspace/login/src/components/Title/index.tsx","statementMap":{},"fnMap":{},"branchMap":{},"s":{},"f":{},"b":{},"_coverageSchema":"1a1c01bbd47fc00a2c39e90264f33305004495a9","hash":"a0368ae66c35ea91cf07eadc84e846a069d49575"}
,"/Users/evertonribeiro/Documents/workspace/login/src/components/Title/styled.tsx": {"path":"/Users/evertonribeiro/Documents/workspace/login/src/components/Title/styled.tsx","statementMap":{"0":{"start":{"line":3,"column":27},"end":{"line":6,"column":1}}},"fnMap":{},"branchMap":{},"s":{"0":1},"f":{},"b":{},"_coverageSchema":"1a1c01bbd47fc00a2c39e90264f33305004495a9","hash":"69020ff570da07e2f9e39687297201cc117625b9"}
,"/Users/evertonribeiro/Documents/workspace/login/src/screens/Login/Login.tsx": {"path":"/Users/evertonribeiro/Documents/workspace/login/src/screens/Login/Login.tsx","statementMap":{"0":{"start":{"line":5,"column":21},"end":{"line":7,"column":1}},"1":{"start":{"line":6,"column":2},"end":{"line":6,"column":29}}},"fnMap":{"0":{"name":"(anonymous_0)","decl":{"start":{"line":5,"column":21},"end":{"line":5,"column":22}},"loc":{"start":{"line":5,"column":40},"end":{"line":7,"column":1}},"line":5}},"branchMap":{},"s":{"0":1,"1":1},"f":{"0":1},"b":{},"_coverageSchema":"1a1c01bbd47fc00a2c39e90264f33305004495a9","hash":"c0f1e6b8f2161c1a7e050d24ac6925dc442bcd2e"}
,"/Users/evertonribeiro/Documents/workspace/login/src/screens/Login/index.tsx": {"path":"/Users/evertonribeiro/Documents/workspace/login/src/screens/Login/index.tsx","statementMap":{},"fnMap":{},"branchMap":{},"s":{},"f":{},"b":{},"_coverageSchema":"1a1c01bbd47fc00a2c39e90264f33305004495a9","hash":"560a82352c22ce7c954a6f3ffded8d281519df1b"}
}
